<?xml version="1.0" encoding="UTF-8"?>
<testng-results skipped="0" failed="0" ignored="0" total="1" passed="1">
  <reporter-output>
    <line>
      <![CDATA[Hi]]>
    </line>
  </reporter-output>
  <suite name="Default suite" duration-ms="208" started-at="2019-11-14T12:37:11 IST" finished-at="2019-11-14T12:37:11 IST">
    <groups>
    </groups>
    <test name="Default test" duration-ms="208" started-at="2019-11-14T12:37:11 IST" finished-at="2019-11-14T12:37:11 IST">
      <class name="com.test.Demo">
        <test-method status="PASS" signature="test()[pri:0, instance:com.test.Demo@31610302]" name="test" duration-ms="36" started-at="2019-11-14T12:37:11 IST" finished-at="2019-11-14T12:37:11 IST">
          <reporter-output>
            <line>
              <![CDATA[Hi]]>
            </line>
          </reporter-output>
        </test-method> <!-- test -->
      </class> <!-- com.test.Demo -->
    </test> <!-- Default test -->
  </suite> <!-- Default suite -->
</testng-results>
